mode: set
github.com/petomalina/xrpc/v2/pkg/server/options.go:7.35,8.25 1 1
github.com/petomalina/xrpc/v2/pkg/server/options.go:8.25,10.3 1 1
github.com/petomalina/xrpc/v2/pkg/server/server.go:24.32,26.2 1 1
github.com/petomalina/xrpc/v2/pkg/server/server.go:29.32,31.2 1 1
github.com/petomalina/xrpc/v2/pkg/server/server.go:34.30,36.2 1 1
github.com/petomalina/xrpc/v2/pkg/server/server.go:51.79,53.27 2 1
github.com/petomalina/xrpc/v2/pkg/server/server.go:53.27,55.3 1 1
github.com/petomalina/xrpc/v2/pkg/server/server.go:57.2,58.16 2 1
github.com/petomalina/xrpc/v2/pkg/server/server.go:58.16,60.3 1 1
github.com/petomalina/xrpc/v2/pkg/server/server.go:60.8,62.3 1 1
github.com/petomalina/xrpc/v2/pkg/server/server.go:64.2,64.18 1 1
github.com/petomalina/xrpc/v2/pkg/server/server.go:64.18,66.3 1 1
github.com/petomalina/xrpc/v2/pkg/server/server.go:68.2,69.16 2 1
github.com/petomalina/xrpc/v2/pkg/server/server.go:69.16,71.3 1 0
github.com/petomalina/xrpc/v2/pkg/server/server.go:73.2,78.15 5 1
github.com/petomalina/xrpc/v2/pkg/server/server.go:82.113,84.16 2 0
github.com/petomalina/xrpc/v2/pkg/server/server.go:84.16,86.3 1 0
github.com/petomalina/xrpc/v2/pkg/server/server.go:88.2,88.43 1 0
github.com/petomalina/xrpc/v2/pkg/server/server.go:92.73,94.12 2 0
github.com/petomalina/xrpc/v2/pkg/server/server.go:94.12,100.51 4 0
github.com/petomalina/xrpc/v2/pkg/server/server.go:100.51,101.11 1 0
github.com/petomalina/xrpc/v2/pkg/server/server.go:102.22,102.22 0 0
github.com/petomalina/xrpc/v2/pkg/server/server.go:103.12,103.12 0 0
github.com/petomalina/xrpc/v2/pkg/server/server.go:108.2,108.87 1 0
github.com/petomalina/xrpc/v2/pkg/server/server.go:108.87,110.3 1 0
github.com/petomalina/xrpc/v2/pkg/server/server.go:112.2,112.9 1 0
github.com/petomalina/xrpc/v2/pkg/server/server.go:113.22,114.51 1 0
github.com/petomalina/xrpc/v2/pkg/server/server.go:115.10,116.13 1 0
github.com/petomalina/xrpc/v2/pkg/server/server.go:121.84,125.2 1 0
github.com/petomalina/xrpc/v2/pkg/multiplexer/grpc.go:10.42,12.2 1 1
github.com/petomalina/xrpc/v2/pkg/multiplexer/grpc.go:15.70,18.59 2 1
github.com/petomalina/xrpc/v2/pkg/multiplexer/grpc.go:18.59,19.28 1 1
github.com/petomalina/xrpc/v2/pkg/multiplexer/grpc.go:19.28,20.13 1 1
github.com/petomalina/xrpc/v2/pkg/multiplexer/grpc.go:20.13,22.5 1 0
github.com/petomalina/xrpc/v2/pkg/multiplexer/grpc.go:25.3,26.14 2 1
github.com/petomalina/xrpc/v2/pkg/multiplexer/grpc_webtext.go:9.91,17.59 2 1
github.com/petomalina/xrpc/v2/pkg/multiplexer/grpc_webtext.go:17.59,19.28 1 0
github.com/petomalina/xrpc/v2/pkg/multiplexer/grpc_webtext.go:19.28,20.13 1 0
github.com/petomalina/xrpc/v2/pkg/multiplexer/grpc_webtext.go:20.13,22.5 1 0
github.com/petomalina/xrpc/v2/pkg/multiplexer/grpc_webtext.go:25.3,26.14 2 0
github.com/petomalina/xrpc/v2/pkg/multiplexer/http.go:8.71,11.59 2 0
github.com/petomalina/xrpc/v2/pkg/multiplexer/http.go:11.59,12.28 1 0
github.com/petomalina/xrpc/v2/pkg/multiplexer/http.go:12.28,13.13 1 0
github.com/petomalina/xrpc/v2/pkg/multiplexer/http.go:13.13,15.5 1 0
github.com/petomalina/xrpc/v2/pkg/multiplexer/http.go:18.3,19.14 2 0
github.com/petomalina/xrpc/v2/pkg/multiplexer/multiplexer.go:30.49,31.36 1 1
github.com/petomalina/xrpc/v2/pkg/multiplexer/multiplexer.go:31.36,32.31 1 1
github.com/petomalina/xrpc/v2/pkg/multiplexer/multiplexer.go:32.31,33.12 1 1
github.com/petomalina/xrpc/v2/pkg/multiplexer/multiplexer.go:33.12,35.5 1 1
github.com/petomalina/xrpc/v2/pkg/multiplexer/multiplexer.go:38.3,38.15 1 1
github.com/petomalina/xrpc/v2/pkg/multiplexer/multiplexer.go:45.67,46.19 1 1
github.com/petomalina/xrpc/v2/pkg/multiplexer/multiplexer.go:46.19,48.3 1 1
github.com/petomalina/xrpc/v2/pkg/multiplexer/multiplexer.go:50.2,50.86 1 1
github.com/petomalina/xrpc/v2/pkg/multiplexer/multiplexer.go:50.86,51.30 1 1
github.com/petomalina/xrpc/v2/pkg/multiplexer/multiplexer.go:51.30,52.15 1 1
github.com/petomalina/xrpc/v2/pkg/multiplexer/multiplexer.go:52.15,54.5 1 1
github.com/petomalina/xrpc/v2/pkg/multiplexer/multiplexer.go:57.3,58.56 2 0
github.com/petomalina/xrpc/v2/pkg/multiplexer/pubsub.go:13.44,15.2 1 1
github.com/petomalina/xrpc/v2/pkg/multiplexer/pubsub.go:19.73,22.59 2 1
github.com/petomalina/xrpc/v2/pkg/multiplexer/pubsub.go:22.59,23.28 1 1
github.com/petomalina/xrpc/v2/pkg/multiplexer/pubsub.go:23.28,24.13 1 1
github.com/petomalina/xrpc/v2/pkg/multiplexer/pubsub.go:24.13,26.5 1 1
github.com/petomalina/xrpc/v2/pkg/multiplexer/pubsub.go:29.3,30.17 2 1
github.com/petomalina/xrpc/v2/pkg/multiplexer/pubsub.go:30.17,34.4 3 0
github.com/petomalina/xrpc/v2/pkg/multiplexer/pubsub.go:36.3,37.14 2 1
github.com/petomalina/xrpc/v2/pkg/multiplexer/pubsub.go:97.65,99.2 1 1
github.com/petomalina/xrpc/v2/pkg/multiplexer/pubsub.go:103.48,105.2 1 1
github.com/petomalina/xrpc/v2/pkg/multiplexer/pubsub.go:109.55,111.2 1 1
github.com/petomalina/xrpc/v2/pkg/multiplexer/pubsub.go:116.69,121.16 2 1
github.com/petomalina/xrpc/v2/pkg/multiplexer/pubsub.go:121.16,123.3 1 0
github.com/petomalina/xrpc/v2/pkg/multiplexer/pubsub.go:126.2,128.16 3 1
github.com/petomalina/xrpc/v2/pkg/multiplexer/pubsub.go:128.16,130.3 1 0
github.com/petomalina/xrpc/v2/pkg/multiplexer/pubsub.go:133.2,146.45 8 1
github.com/petomalina/xrpc/v2/pkg/multiplexer/pubsub.go:146.45,148.3 1 1
github.com/petomalina/xrpc/v2/pkg/multiplexer/pubsub.go:151.2,151.35 1 1
github.com/petomalina/xrpc/v2/pkg/multiplexer/pubsub.go:151.35,152.24 1 1
github.com/petomalina/xrpc/v2/pkg/multiplexer/pubsub.go:152.24,154.4 1 1
github.com/petomalina/xrpc/v2/pkg/multiplexer/pubsub.go:157.2,157.15 1 1
